<?xml version="1.0" encoding="UTF-8"?>
<testsuite xmlns:xsi="http://www.w3.org/2001/XMLSchema-instance" xsi:noNamespaceSchemaLocation="https://maven.apache.org/surefire/maven-surefire-plugin/xsd/surefire-test-report-3.0.xsd" version="3.0" name="com.psbc.KafkaServiceTest" time="1.007" tests="1" errors="0" skipped="0" failures="0">
  <properties>
    <property name="java.specification.version" value="22"/>
    <property name="sun.cpu.isalist" value="amd64"/>
    <property name="sun.jnu.encoding" value="GBK"/>
    <property name="java.class.path" value="d:\java-demo\segment-clickhouse\target\test-classes;d:\java-demo\segment-clickhouse\target\classes;D:\repository\com\google\protobuf\protobuf-java\3.22.3\protobuf-java-3.22.3.jar;D:\repository\org\apache\kafka\kafka-clients\3.5.1\kafka-clients-3.5.1.jar;D:\repository\com\github\luben\zstd-jni\1.5.5-1\zstd-jni-1.5.5-1.jar;D:\repository\org\lz4\lz4-java\1.8.0\lz4-java-1.8.0.jar;D:\repository\org\xerial\snappy\snappy-java\1.1.10.1\snappy-java-1.1.10.1.jar;D:\repository\junit\junit\4.13.2\junit-4.13.2.jar;D:\repository\org\hamcrest\hamcrest-core\1.3\hamcrest-core-1.3.jar;D:\repository\com\clickhouse\clickhouse-jdbc\0.4.6\clickhouse-jdbc-0.4.6.jar;D:\repository\org\yaml\snakeyaml\1.33\snakeyaml-1.33.jar;D:\repository\org\slf4j\slf4j-api\1.7.36\slf4j-api-1.7.36.jar;D:\repository\ch\qos\logback\logback-classic\1.2.11\logback-classic-1.2.11.jar;D:\repository\ch\qos\logback\logback-core\1.2.11\logback-core-1.2.11.jar;D:\repository\org\junit\jupiter\junit-jupiter\5.9.3\junit-jupiter-5.9.3.jar;D:\repository\org\junit\jupiter\junit-jupiter-api\5.9.3\junit-jupiter-api-5.9.3.jar;D:\repository\org\opentest4j\opentest4j\1.2.0\opentest4j-1.2.0.jar;D:\repository\org\junit\platform\junit-platform-commons\1.9.3\junit-platform-commons-1.9.3.jar;D:\repository\org\apiguardian\apiguardian-api\1.1.2\apiguardian-api-1.1.2.jar;D:\repository\org\junit\jupiter\junit-jupiter-params\5.9.3\junit-jupiter-params-5.9.3.jar;D:\repository\org\junit\jupiter\junit-jupiter-engine\5.9.3\junit-jupiter-engine-5.9.3.jar;D:\repository\org\junit\platform\junit-platform-engine\1.9.3\junit-platform-engine-1.9.3.jar;D:\repository\org\mockito\mockito-core\5.5.0\mockito-core-5.5.0.jar;D:\repository\net\bytebuddy\byte-buddy\1.14.6\byte-buddy-1.14.6.jar;D:\repository\net\bytebuddy\byte-buddy-agent\1.14.6\byte-buddy-agent-1.14.6.jar;D:\repository\org\objenesis\objenesis\3.3\objenesis-3.3.jar;D:\repository\org\mockito\mockito-inline\5.2.0\mockito-inline-5.2.0.jar;D:\repository\com\h2database\h2\2.1.214\h2-2.1.214.jar;"/>
    <property name="java.vm.vendor" value="Oracle Corporation"/>
    <property name="sun.arch.data.model" value="64"/>
    <property name="user.variant" value=""/>
    <property name="java.vendor.url" value="https://java.oracle.com/"/>
    <property name="user.timezone" value="Asia/Shanghai"/>
    <property name="os.name" value="Windows 11"/>
    <property name="java.vm.specification.version" value="22"/>
    <property name="sun.java.launcher" value="SUN_STANDARD"/>
    <property name="user.country" value="CN"/>
    <property name="sun.boot.library.path" value="D:\jdk-22\bin"/>
    <property name="sun.java.command" value="C:\Users\Administrator\AppData\Local\Temp\surefire1920287321348150721\surefirebooter-20250506164437728_3.jar C:\Users\Administrator\AppData\Local\Temp\surefire1920287321348150721 2025-05-06T16-44-37_534-jvmRun1 surefire-20250506164437728_1tmp surefire_0-20250506164437728_2tmp"/>
    <property name="jdk.debug" value="release"/>
    <property name="surefire.test.class.path" value="d:\java-demo\segment-clickhouse\target\test-classes;d:\java-demo\segment-clickhouse\target\classes;D:\repository\com\google\protobuf\protobuf-java\3.22.3\protobuf-java-3.22.3.jar;D:\repository\org\apache\kafka\kafka-clients\3.5.1\kafka-clients-3.5.1.jar;D:\repository\com\github\luben\zstd-jni\1.5.5-1\zstd-jni-1.5.5-1.jar;D:\repository\org\lz4\lz4-java\1.8.0\lz4-java-1.8.0.jar;D:\repository\org\xerial\snappy\snappy-java\1.1.10.1\snappy-java-1.1.10.1.jar;D:\repository\junit\junit\4.13.2\junit-4.13.2.jar;D:\repository\org\hamcrest\hamcrest-core\1.3\hamcrest-core-1.3.jar;D:\repository\com\clickhouse\clickhouse-jdbc\0.4.6\clickhouse-jdbc-0.4.6.jar;D:\repository\org\yaml\snakeyaml\1.33\snakeyaml-1.33.jar;D:\repository\org\slf4j\slf4j-api\1.7.36\slf4j-api-1.7.36.jar;D:\repository\ch\qos\logback\logback-classic\1.2.11\logback-classic-1.2.11.jar;D:\repository\ch\qos\logback\logback-core\1.2.11\logback-core-1.2.11.jar;D:\repository\org\junit\jupiter\junit-jupiter\5.9.3\junit-jupiter-5.9.3.jar;D:\repository\org\junit\jupiter\junit-jupiter-api\5.9.3\junit-jupiter-api-5.9.3.jar;D:\repository\org\opentest4j\opentest4j\1.2.0\opentest4j-1.2.0.jar;D:\repository\org\junit\platform\junit-platform-commons\1.9.3\junit-platform-commons-1.9.3.jar;D:\repository\org\apiguardian\apiguardian-api\1.1.2\apiguardian-api-1.1.2.jar;D:\repository\org\junit\jupiter\junit-jupiter-params\5.9.3\junit-jupiter-params-5.9.3.jar;D:\repository\org\junit\jupiter\junit-jupiter-engine\5.9.3\junit-jupiter-engine-5.9.3.jar;D:\repository\org\junit\platform\junit-platform-engine\1.9.3\junit-platform-engine-1.9.3.jar;D:\repository\org\mockito\mockito-core\5.5.0\mockito-core-5.5.0.jar;D:\repository\net\bytebuddy\byte-buddy\1.14.6\byte-buddy-1.14.6.jar;D:\repository\net\bytebuddy\byte-buddy-agent\1.14.6\byte-buddy-agent-1.14.6.jar;D:\repository\org\objenesis\objenesis\3.3\objenesis-3.3.jar;D:\repository\org\mockito\mockito-inline\5.2.0\mockito-inline-5.2.0.jar;D:\repository\com\h2database\h2\2.1.214\h2-2.1.214.jar;"/>
    <property name="sun.cpu.endian" value="little"/>
    <property name="user.home" value="C:\Users\Administrator"/>
    <property name="user.language" value="zh"/>
    <property name="java.specification.vendor" value="Oracle Corporation"/>
    <property name="java.version.date" value="2024-03-19"/>
    <property name="java.home" value="D:\jdk-22"/>
    <property name="file.separator" value="\"/>
    <property name="basedir" value="d:\java-demo\segment-clickhouse"/>
    <property name="java.vm.compressedOopsMode" value="Zero based"/>
    <property name="line.separator" value="&#10;"/>
    <property name="java.vm.specification.vendor" value="Oracle Corporation"/>
    <property name="java.specification.name" value="Java Platform API Specification"/>
    <property name="surefire.real.class.path" value="C:\Users\Administrator\AppData\Local\Temp\surefire1920287321348150721\surefirebooter-20250506164437728_3.jar"/>
    <property name="user.script" value=""/>
    <property name="sun.management.compiler" value="HotSpot 64-Bit Tiered Compilers"/>
    <property name="java.runtime.version" value="22+36-2370"/>
    <property name="user.name" value="Administrator"/>
    <property name="stdout.encoding" value="GBK"/>
    <property name="path.separator" value=";"/>
    <property name="os.version" value="10.0"/>
    <property name="java.runtime.name" value="OpenJDK Runtime Environment"/>
    <property name="file.encoding" value="UTF-8"/>
    <property name="java.vm.name" value="OpenJDK 64-Bit Server VM"/>
    <property name="localRepository" value="D:\repository"/>
    <property name="java.vendor.url.bug" value="https://bugreport.java.com/bugreport/"/>
    <property name="java.io.tmpdir" value="C:\Users\Administrator\AppData\Local\Temp\"/>
    <property name="java.version" value="22"/>
    <property name="user.dir" value="d:\java-demo\segment-clickhouse"/>
    <property name="os.arch" value="amd64"/>
    <property name="java.vm.specification.name" value="Java Virtual Machine Specification"/>
    <property name="sun.os.patch.level" value=""/>
    <property name="native.encoding" value="GBK"/>
    <property name="java.library.path" value="D:\jdk-22\bin;C:\Windows\Sun\Java\bin;C:\Windows\system32;C:\Windows;C:\Program Files (x86)\NVIDIA Corporation\PhysX\Common;C:\Windows\system32;C:\Windows;C:\Windows\System32\Wbem;C:\Windows\System32\WindowsPowerShell\v1.0\;C:\Windows\System32\OpenSSH\;C:\Program Files (x86)\Windows Kits\8.1\Windows Performance Toolkit\;D:\jdk-22\bin;D:\apache-maven-3.9.9\bin;C:\Program Files\Docker\Docker\resources\bin;C:\Program Files\Git\cmd;D:\protoc-30.2\bin;C:\Program Files\nodejs\;C:\ProgramData\chocolatey\bin;C:\Users\Administrator\AppData\Local\Programs\Python\Python39\Scripts\;C:\Users\Administrator\AppData\Local\Programs\Python\Python39\;C:\Users\Administrator\AppData\Local\Microsoft\WindowsApps;C:\Users\Administrator\AppData\Local\Programs\Microsoft VS Code\bin;C:\Users\Administrator\AppData\Roaming\npm;C:\Users\Administrator\AppData\Local\Microsoft\WinGet\Packages\Google.Protobuf_Microsoft.Winget.Source_8wekyb3d8bbwe\bin;c:\Users\Administrator\AppData\Roaming\Code\User\globalStorage\github.copilot-chat\debugCommand;."/>
    <property name="java.vm.info" value="mixed mode, sharing"/>
    <property name="stderr.encoding" value="GBK"/>
    <property name="java.vendor" value="Oracle Corporation"/>
    <property name="java.vm.version" value="22+36-2370"/>
    <property name="sun.io.unicode.encoding" value="UnicodeLittle"/>
    <property name="java.class.version" value="66.0"/>
  </properties>
  <testcase name="testConsumeMessages" classname="com.psbc.KafkaServiceTest" time="0.992">
    <system-out><![CDATA[2025-05-06 16:44:38 [main] INFO  o.a.k.c.consumer.ConsumerConfig - ConsumerConfig values: 
	allow.auto.create.topics = true
	auto.commit.interval.ms = 5000
	auto.include.jmx.reporter = true
	auto.offset.reset = earliest
	bootstrap.servers = [localhost:9092]
	check.crcs = true
	client.dns.lookup = use_all_dns_ips
	client.id = consumer-test-group-1
	client.rack = 
	connections.max.idle.ms = 540000
	default.api.timeout.ms = 60000
	enable.auto.commit = true
	exclude.internal.topics = true
	fetch.max.bytes = 52428800
	fetch.max.wait.ms = 500
	fetch.min.bytes = 1
	group.id = test-group
	group.instance.id = null
	heartbeat.interval.ms = 3000
	interceptor.classes = []
	internal.leave.group.on.close = true
	internal.throw.on.fetch.stable.offset.unsupported = false
	isolation.level = read_uncommitted
	key.deserializer = class org.apache.kafka.common.serialization.StringDeserializer
	max.partition.fetch.bytes = 1048576
	max.poll.interval.ms = 300000
	max.poll.records = 500
	metadata.max.age.ms = 300000
	metric.reporters = []
	metrics.num.samples = 2
	metrics.recording.level = INFO
	metrics.sample.window.ms = 30000
	partition.assignment.strategy = [class org.apache.kafka.clients.consumer.RangeAssignor, class org.apache.kafka.clients.consumer.CooperativeStickyAssignor]
	receive.buffer.bytes = 65536
	reconnect.backoff.max.ms = 1000
	reconnect.backoff.ms = 50
	request.timeout.ms = 30000
	retry.backoff.ms = 100
	sasl.client.callback.handler.class = null
	sasl.jaas.config = null
	sasl.kerberos.kinit.cmd = /usr/bin/kinit
	sasl.kerberos.min.time.before.relogin = 60000
	sasl.kerberos.service.name = null
	sasl.kerberos.ticket.renew.jitter = 0.05
	sasl.kerberos.ticket.renew.window.factor = 0.8
	sasl.login.callback.handler.class = null
	sasl.login.class = null
	sasl.login.connect.timeout.ms = null
	sasl.login.read.timeout.ms = null
	sasl.login.refresh.buffer.seconds = 300
	sasl.login.refresh.min.period.seconds = 60
	sasl.login.refresh.window.factor = 0.8
	sasl.login.refresh.window.jitter = 0.05
	sasl.login.retry.backoff.max.ms = 10000
	sasl.login.retry.backoff.ms = 100
	sasl.mechanism = GSSAPI
	sasl.oauthbearer.clock.skew.seconds = 30
	sasl.oauthbearer.expected.audience = null
	sasl.oauthbearer.expected.issuer = null
	sasl.oauthbearer.jwks.endpoint.refresh.ms = 3600000
	sasl.oauthbearer.jwks.endpoint.retry.backoff.max.ms = 10000
	sasl.oauthbearer.jwks.endpoint.retry.backoff.ms = 100
	sasl.oauthbearer.jwks.endpoint.url = null
	sasl.oauthbearer.scope.claim.name = scope
	sasl.oauthbearer.sub.claim.name = sub
	sasl.oauthbearer.token.endpoint.url = null
	security.protocol = PLAINTEXT
	security.providers = null
	send.buffer.bytes = 131072
	session.timeout.ms = 45000
	socket.connection.setup.timeout.max.ms = 30000
	socket.connection.setup.timeout.ms = 10000
	ssl.cipher.suites = null
	ssl.enabled.protocols = [TLSv1.2, TLSv1.3]
	ssl.endpoint.identification.algorithm = https
	ssl.engine.factory.class = null
	ssl.key.password = null
	ssl.keymanager.algorithm = SunX509
	ssl.keystore.certificate.chain = null
	ssl.keystore.key = null
	ssl.keystore.location = null
	ssl.keystore.password = null
	ssl.keystore.type = JKS
	ssl.protocol = TLSv1.3
	ssl.provider = null
	ssl.secure.random.implementation = null
	ssl.trustmanager.algorithm = PKIX
	ssl.truststore.certificates = null
	ssl.truststore.location = null
	ssl.truststore.password = null
	ssl.truststore.type = JKS
	value.deserializer = class org.apache.kafka.common.serialization.ByteArrayDeserializer

2025-05-06 16:44:38 [main] INFO  o.a.kafka.common.utils.AppInfoParser - Kafka version: 3.5.1
2025-05-06 16:44:38 [main] INFO  o.a.kafka.common.utils.AppInfoParser - Kafka commitId: 2c6fb6c54472e90a
2025-05-06 16:44:38 [main] INFO  o.a.kafka.common.utils.AppInfoParser - Kafka startTimeMs: 1746521078761
2025-05-06 16:44:38 [main] INFO  o.a.k.clients.consumer.KafkaConsumer - [Consumer clientId=consumer-test-group-1, groupId=test-group] Subscribed to topic(s): test-topic
2025-05-06 16:44:39 [main] INFO  org.apache.kafka.clients.Metadata - [Consumer clientId=consumer-test-group-1, groupId=test-group] Cluster ID: xTFh3XyATQS70Rsf7A4Exg
2025-05-06 16:44:39 [main] INFO  o.a.k.c.c.i.ConsumerCoordinator - [Consumer clientId=consumer-test-group-1, groupId=test-group] Discovered group coordinator 192.168.100.6:9092 (id: 2147482646 rack: null)
2025-05-06 16:44:39 [main] INFO  o.a.k.c.c.i.ConsumerCoordinator - [Consumer clientId=consumer-test-group-1, groupId=test-group] (Re-)joining group
2025-05-06 16:44:39 [main] INFO  o.a.k.c.c.i.ConsumerCoordinator - [Consumer clientId=consumer-test-group-1, groupId=test-group] Request joining group due to: need to re-join with the given member-id: consumer-test-group-1-5012acf8-4cf2-4caf-9481-7601c2cc196b
2025-05-06 16:44:39 [main] INFO  o.a.k.c.c.i.ConsumerCoordinator - [Consumer clientId=consumer-test-group-1, groupId=test-group] Request joining group due to: rebalance failed due to 'The group member needs to have a valid member id before actually entering a consumer group.' (MemberIdRequiredException)
2025-05-06 16:44:39 [main] INFO  o.a.k.c.c.i.ConsumerCoordinator - [Consumer clientId=consumer-test-group-1, groupId=test-group] (Re-)joining group
2025-05-06 16:44:39 [main] INFO  o.a.k.c.c.i.ConsumerCoordinator - [Consumer clientId=consumer-test-group-1, groupId=test-group] Successfully joined group with generation Generation{generationId=1, memberId='consumer-test-group-1-5012acf8-4cf2-4caf-9481-7601c2cc196b', protocol='range'}
2025-05-06 16:44:39 [main] INFO  o.a.k.c.c.i.ConsumerCoordinator - [Consumer clientId=consumer-test-group-1, groupId=test-group] Finished assignment for group at generation 1: {consumer-test-group-1-5012acf8-4cf2-4caf-9481-7601c2cc196b=Assignment(partitions=[test-topic-0])}
2025-05-06 16:44:39 [main] INFO  o.a.k.c.c.i.ConsumerCoordinator - [Consumer clientId=consumer-test-group-1, groupId=test-group] Successfully synced group in generation Generation{generationId=1, memberId='consumer-test-group-1-5012acf8-4cf2-4caf-9481-7601c2cc196b', protocol='range'}
2025-05-06 16:44:39 [main] INFO  o.a.k.c.c.i.ConsumerCoordinator - [Consumer clientId=consumer-test-group-1, groupId=test-group] Notifying assignor about the new Assignment(partitions=[test-topic-0])
2025-05-06 16:44:39 [main] INFO  o.a.k.c.c.i.ConsumerCoordinator - [Consumer clientId=consumer-test-group-1, groupId=test-group] Adding newly assigned partitions: test-topic-0
2025-05-06 16:44:39 [main] INFO  o.a.k.c.c.i.ConsumerCoordinator - [Consumer clientId=consumer-test-group-1, groupId=test-group] Found no committed offset for partition test-topic-0
]]></system-out>
  </testcase>
</testsuite>