<?xml version="1.0" encoding="UTF-8"?>
<testsuite xmlns:xsi="http://www.w3.org/2001/XMLSchema-instance" xsi:noNamespaceSchemaLocation="https://maven.apache.org/surefire/maven-surefire-plugin/xsd/surefire-test-report-3.0.xsd" version="3.0" name="com.psbc.TransformerTest" time="0.31" tests="1" errors="0" skipped="0" failures="0">
  <properties>
    <property name="java.specification.version" value="22"/>
    <property name="sun.cpu.isalist" value="amd64"/>
    <property name="sun.jnu.encoding" value="GBK"/>
    <property name="java.class.path" value="d:\java-demo\segment-clickhouse\target\test-classes;d:\java-demo\segment-clickhouse\target\classes;D:\repository\com\google\protobuf\protobuf-java\3.22.3\protobuf-java-3.22.3.jar;D:\repository\org\apache\kafka\kafka-clients\3.5.1\kafka-clients-3.5.1.jar;D:\repository\com\github\luben\zstd-jni\1.5.5-1\zstd-jni-1.5.5-1.jar;D:\repository\org\lz4\lz4-java\1.8.0\lz4-java-1.8.0.jar;D:\repository\org\xerial\snappy\snappy-java\1.1.10.1\snappy-java-1.1.10.1.jar;D:\repository\junit\junit\4.13.2\junit-4.13.2.jar;D:\repository\org\hamcrest\hamcrest-core\1.3\hamcrest-core-1.3.jar;D:\repository\com\clickhouse\clickhouse-jdbc\0.4.6\clickhouse-jdbc-0.4.6.jar;D:\repository\org\yaml\snakeyaml\1.33\snakeyaml-1.33.jar;D:\repository\org\slf4j\slf4j-api\1.7.36\slf4j-api-1.7.36.jar;D:\repository\ch\qos\logback\logback-classic\1.2.11\logback-classic-1.2.11.jar;D:\repository\ch\qos\logback\logback-core\1.2.11\logback-core-1.2.11.jar;D:\repository\org\junit\jupiter\junit-jupiter\5.9.3\junit-jupiter-5.9.3.jar;D:\repository\org\junit\jupiter\junit-jupiter-api\5.9.3\junit-jupiter-api-5.9.3.jar;D:\repository\org\opentest4j\opentest4j\1.2.0\opentest4j-1.2.0.jar;D:\repository\org\junit\platform\junit-platform-commons\1.9.3\junit-platform-commons-1.9.3.jar;D:\repository\org\apiguardian\apiguardian-api\1.1.2\apiguardian-api-1.1.2.jar;D:\repository\org\junit\jupiter\junit-jupiter-params\5.9.3\junit-jupiter-params-5.9.3.jar;D:\repository\org\junit\jupiter\junit-jupiter-engine\5.9.3\junit-jupiter-engine-5.9.3.jar;D:\repository\org\junit\platform\junit-platform-engine\1.9.3\junit-platform-engine-1.9.3.jar;D:\repository\org\mockito\mockito-core\5.5.0\mockito-core-5.5.0.jar;D:\repository\net\bytebuddy\byte-buddy\1.14.6\byte-buddy-1.14.6.jar;D:\repository\net\bytebuddy\byte-buddy-agent\1.14.6\byte-buddy-agent-1.14.6.jar;D:\repository\org\objenesis\objenesis\3.3\objenesis-3.3.jar;D:\repository\org\mockito\mockito-inline\5.2.0\mockito-inline-5.2.0.jar;D:\repository\com\h2database\h2\2.1.214\h2-2.1.214.jar;"/>
    <property name="java.vm.vendor" value="Oracle Corporation"/>
    <property name="sun.arch.data.model" value="64"/>
    <property name="user.variant" value=""/>
    <property name="java.vendor.url" value="https://java.oracle.com/"/>
    <property name="user.timezone" value="Asia/Shanghai"/>
    <property name="os.name" value="Windows 11"/>
    <property name="java.vm.specification.version" value="22"/>
    <property name="sun.java.launcher" value="SUN_STANDARD"/>
    <property name="user.country" value="CN"/>
    <property name="sun.boot.library.path" value="D:\jdk-22\bin"/>
    <property name="sun.java.command" value="C:\Users\Administrator\AppData\Local\Temp\surefire1920287321348150721\surefirebooter-20250506164437728_3.jar C:\Users\Administrator\AppData\Local\Temp\surefire1920287321348150721 2025-05-06T16-44-37_534-jvmRun1 surefire-20250506164437728_1tmp surefire_0-20250506164437728_2tmp"/>
    <property name="jdk.debug" value="release"/>
    <property name="surefire.test.class.path" value="d:\java-demo\segment-clickhouse\target\test-classes;d:\java-demo\segment-clickhouse\target\classes;D:\repository\com\google\protobuf\protobuf-java\3.22.3\protobuf-java-3.22.3.jar;D:\repository\org\apache\kafka\kafka-clients\3.5.1\kafka-clients-3.5.1.jar;D:\repository\com\github\luben\zstd-jni\1.5.5-1\zstd-jni-1.5.5-1.jar;D:\repository\org\lz4\lz4-java\1.8.0\lz4-java-1.8.0.jar;D:\repository\org\xerial\snappy\snappy-java\1.1.10.1\snappy-java-1.1.10.1.jar;D:\repository\junit\junit\4.13.2\junit-4.13.2.jar;D:\repository\org\hamcrest\hamcrest-core\1.3\hamcrest-core-1.3.jar;D:\repository\com\clickhouse\clickhouse-jdbc\0.4.6\clickhouse-jdbc-0.4.6.jar;D:\repository\org\yaml\snakeyaml\1.33\snakeyaml-1.33.jar;D:\repository\org\slf4j\slf4j-api\1.7.36\slf4j-api-1.7.36.jar;D:\repository\ch\qos\logback\logback-classic\1.2.11\logback-classic-1.2.11.jar;D:\repository\ch\qos\logback\logback-core\1.2.11\logback-core-1.2.11.jar;D:\repository\org\junit\jupiter\junit-jupiter\5.9.3\junit-jupiter-5.9.3.jar;D:\repository\org\junit\jupiter\junit-jupiter-api\5.9.3\junit-jupiter-api-5.9.3.jar;D:\repository\org\opentest4j\opentest4j\1.2.0\opentest4j-1.2.0.jar;D:\repository\org\junit\platform\junit-platform-commons\1.9.3\junit-platform-commons-1.9.3.jar;D:\repository\org\apiguardian\apiguardian-api\1.1.2\apiguardian-api-1.1.2.jar;D:\repository\org\junit\jupiter\junit-jupiter-params\5.9.3\junit-jupiter-params-5.9.3.jar;D:\repository\org\junit\jupiter\junit-jupiter-engine\5.9.3\junit-jupiter-engine-5.9.3.jar;D:\repository\org\junit\platform\junit-platform-engine\1.9.3\junit-platform-engine-1.9.3.jar;D:\repository\org\mockito\mockito-core\5.5.0\mockito-core-5.5.0.jar;D:\repository\net\bytebuddy\byte-buddy\1.14.6\byte-buddy-1.14.6.jar;D:\repository\net\bytebuddy\byte-buddy-agent\1.14.6\byte-buddy-agent-1.14.6.jar;D:\repository\org\objenesis\objenesis\3.3\objenesis-3.3.jar;D:\repository\org\mockito\mockito-inline\5.2.0\mockito-inline-5.2.0.jar;D:\repository\com\h2database\h2\2.1.214\h2-2.1.214.jar;"/>
    <property name="sun.cpu.endian" value="little"/>
    <property name="user.home" value="C:\Users\Administrator"/>
    <property name="user.language" value="zh"/>
    <property name="java.specification.vendor" value="Oracle Corporation"/>
    <property name="java.version.date" value="2024-03-19"/>
    <property name="java.home" value="D:\jdk-22"/>
    <property name="file.separator" value="\"/>
    <property name="basedir" value="d:\java-demo\segment-clickhouse"/>
    <property name="java.vm.compressedOopsMode" value="Zero based"/>
    <property name="line.separator" value="&#10;"/>
    <property name="java.vm.specification.vendor" value="Oracle Corporation"/>
    <property name="java.specification.name" value="Java Platform API Specification"/>
    <property name="surefire.real.class.path" value="C:\Users\Administrator\AppData\Local\Temp\surefire1920287321348150721\surefirebooter-20250506164437728_3.jar"/>
    <property name="user.script" value=""/>
    <property name="sun.management.compiler" value="HotSpot 64-Bit Tiered Compilers"/>
    <property name="java.runtime.version" value="22+36-2370"/>
    <property name="user.name" value="Administrator"/>
    <property name="stdout.encoding" value="GBK"/>
    <property name="path.separator" value=";"/>
    <property name="os.version" value="10.0"/>
    <property name="java.runtime.name" value="OpenJDK Runtime Environment"/>
    <property name="file.encoding" value="UTF-8"/>
    <property name="java.vm.name" value="OpenJDK 64-Bit Server VM"/>
    <property name="localRepository" value="D:\repository"/>
    <property name="java.vendor.url.bug" value="https://bugreport.java.com/bugreport/"/>
    <property name="java.io.tmpdir" value="C:\Users\Administrator\AppData\Local\Temp\"/>
    <property name="java.version" value="22"/>
    <property name="user.dir" value="d:\java-demo\segment-clickhouse"/>
    <property name="os.arch" value="amd64"/>
    <property name="java.vm.specification.name" value="Java Virtual Machine Specification"/>
    <property name="sun.os.patch.level" value=""/>
    <property name="native.encoding" value="GBK"/>
    <property name="java.library.path" value="D:\jdk-22\bin;C:\Windows\Sun\Java\bin;C:\Windows\system32;C:\Windows;C:\Program Files (x86)\NVIDIA Corporation\PhysX\Common;C:\Windows\system32;C:\Windows;C:\Windows\System32\Wbem;C:\Windows\System32\WindowsPowerShell\v1.0\;C:\Windows\System32\OpenSSH\;C:\Program Files (x86)\Windows Kits\8.1\Windows Performance Toolkit\;D:\jdk-22\bin;D:\apache-maven-3.9.9\bin;C:\Program Files\Docker\Docker\resources\bin;C:\Program Files\Git\cmd;D:\protoc-30.2\bin;C:\Program Files\nodejs\;C:\ProgramData\chocolatey\bin;C:\Users\Administrator\AppData\Local\Programs\Python\Python39\Scripts\;C:\Users\Administrator\AppData\Local\Programs\Python\Python39\;C:\Users\Administrator\AppData\Local\Microsoft\WindowsApps;C:\Users\Administrator\AppData\Local\Programs\Microsoft VS Code\bin;C:\Users\Administrator\AppData\Roaming\npm;C:\Users\Administrator\AppData\Local\Microsoft\WinGet\Packages\Google.Protobuf_Microsoft.Winget.Source_8wekyb3d8bbwe\bin;c:\Users\Administrator\AppData\Roaming\Code\User\globalStorage\github.copilot-chat\debugCommand;."/>
    <property name="java.vm.info" value="mixed mode, sharing"/>
    <property name="stderr.encoding" value="GBK"/>
    <property name="java.vendor" value="Oracle Corporation"/>
    <property name="java.vm.version" value="22+36-2370"/>
    <property name="sun.io.unicode.encoding" value="UnicodeLittle"/>
    <property name="java.class.version" value="66.0"/>
  </properties>
  <testcase name="testInsertToDb" classname="com.psbc.TransformerTest" time="0.307">
    <system-out><![CDATA[2025-05-06 16:44:39 [kafka-coordinator-heartbeat-thread | test-group] INFO  o.a.k.c.c.i.SubscriptionState - [Consumer clientId=consumer-test-group-1, groupId=test-group] Resetting offset for partition test-topic-0 to position FetchPosition{offset=10, offsetEpoch=Optional.empty, currentLeader=LeaderAndEpoch{leader=Optional[192.168.100.6:9092 (id: 1001 rack: null)], epoch=0}}.
2025-05-06 16:44:39 [main] INFO  com.psbc.DatabaseService - Database connection initialized successfully.
2025-05-06 16:44:39 [main] INFO  com.psbc.DatabaseService - PreparedStatement initialized with SQL: INSERT INTO default.events_test (trace_id, trace_segment_id, service, service_instance, is_size_limited, span_id, parent_span_id, start_time, end_time, operation_name, peer, span_type, span_layer, component_id, is_error, skip_analysis, refs_ref_type, refs_trace_id, refs_parent_trace_segment_id, refs_parent_span_id, refs_parent_service, refs_parent_service_instance, refs_parent_endpoint, refs_network_address_used_at_peer, tag_status_code, log_stack, tag_Available_Memory, tag_http_status_code, tag_http_url, tag_Processor_Name, log_forward_url, tag_http_method, tag_Total_Memory, log_event, log_message, tag_url, log_error_kind) VALUES (?, ?, ?, ?, ?, ?, ?, ?, ?, ?, ?, ?, ?, ?, ?, ?, ?, ?, ?, ?, ?, ?, ?, ?, ?, ?, ?, ?, ?, ?, ?, ?, ?, ?, ?, ?, ?)
2025-05-06 16:44:39 [main] INFO  com.psbc.DatabaseService - PreparedStatement initialized with SQL: INSERT INTO default.events_test (trace_id, trace_segment_id, service, service_instance, is_size_limited, span_id, parent_span_id, start_time, end_time, operation_name, peer, span_type, span_layer, component_id, is_error, skip_analysis, refs_ref_type, refs_trace_id, refs_parent_trace_segment_id, refs_parent_span_id, refs_parent_service, refs_parent_service_instance, refs_parent_endpoint, refs_network_address_used_at_peer, tag_status_code, log_stack, tag_Available_Memory, tag_http_status_code, tag_http_url, tag_Processor_Name, log_forward_url, tag_http_method, tag_Total_Memory, log_event, log_message, tag_url, log_error_kind) VALUES (?, ?, ?, ?, ?, ?, ?, ?, ?, ?, ?, ?, ?, ?, ?, ?, ?, ?, ?, ?, ?, ?, ?, ?, ?, ?, ?, ?, ?, ?, ?, ?, ?, ?, ?, ?, ?)
2025-05-06 16:44:39 [main] INFO  com.psbc.TransformerService - Inserted 1 spans into events table.
All values match successfully!
]]></system-out>
  </testcase>
</testsuite>